	sram[12'h00] = 12'o0000;
	sram[12'h01] = 12'o5042;
	sram[12'h02] = 12'o7200;
	sram[12'h03] = 12'o1022;
	sram[12'h04] = 12'o1023;
	sram[12'h05] = 12'o6044;
	sram[12'h06] = 12'o0022;
	sram[12'h07] = 12'o6044;
	sram[12'h08] = 12'o1023;
	sram[12'h09] = 12'o1023;
	sram[12'h0a] = 12'o3024;
	sram[12'h0b] = 12'o6044;
	sram[12'h0c] = 12'o1024;
	sram[12'h0d] = 12'o6044;
	sram[12'h0e] = 12'o4025;
	sram[12'h0f] = 12'o1024;
	sram[12'h10] = 12'o6044;
	sram[12'h11] = 12'o5031;
	sram[12'h12] = 12'o0001;
	sram[12'h13] = 12'o0002;
	sram[12'h14] = 12'o0231;
	sram[12'h15] = 12'o0000;
	sram[12'h16] = 12'o1024;
	sram[12'h17] = 12'o6044;
	sram[12'h18] = 12'o5425;
	sram[12'h19] = 12'o7001;
	sram[12'h1a] = 12'o6044;
	sram[12'h1b] = 12'o4437;
	sram[12'h1c] = 12'o7001;
	sram[12'h1d] = 12'o6044;
	sram[12'h1e] = 12'o5440;
	sram[12'h1f] = 12'o0402;
	sram[12'h20] = 12'o0406;
	sram[12'h21] = 12'o7776;
	sram[12'h22] = 12'o7402;
	sram[12'h23] = 12'o0000;
	sram[12'h24] = 12'o0000;
	sram[12'h25] = 12'o0000;
	sram[12'h26] = 12'o0000;
	sram[12'h27] = 12'o0000;
	sram[12'h28] = 12'o0000;
	sram[12'h29] = 12'o0000;
	sram[12'h2a] = 12'o0000;
	sram[12'h2b] = 12'o0000;
	sram[12'h2c] = 12'o0000;
	sram[12'h2d] = 12'o0000;
	sram[12'h2e] = 12'o0000;
	sram[12'h2f] = 12'o0000;
	sram[12'h30] = 12'o0000;
	sram[12'h31] = 12'o0000;
	sram[12'h32] = 12'o0000;
	sram[12'h33] = 12'o0000;
	sram[12'h34] = 12'o0000;
	sram[12'h35] = 12'o0000;
	sram[12'h36] = 12'o0000;
	sram[12'h37] = 12'o0000;
	sram[12'h38] = 12'o0000;
	sram[12'h39] = 12'o0000;
	sram[12'h3a] = 12'o0000;
	sram[12'h3b] = 12'o0000;
	sram[12'h3c] = 12'o0000;
	sram[12'h3d] = 12'o0000;
	sram[12'h3e] = 12'o0000;
	sram[12'h3f] = 12'o0000;
	sram[12'h40] = 12'o0000;
	sram[12'h41] = 12'o0000;
	sram[12'h42] = 12'o0000;
	sram[12'h43] = 12'o0000;
	sram[12'h44] = 12'o0000;
	sram[12'h45] = 12'o0000;
	sram[12'h46] = 12'o0000;
	sram[12'h47] = 12'o0000;
	sram[12'h48] = 12'o0000;
	sram[12'h49] = 12'o0000;
	sram[12'h4a] = 12'o0000;
	sram[12'h4b] = 12'o0000;
	sram[12'h4c] = 12'o0000;
	sram[12'h4d] = 12'o0000;
	sram[12'h4e] = 12'o0000;
	sram[12'h4f] = 12'o0000;
	sram[12'h50] = 12'o0000;
	sram[12'h51] = 12'o0000;
	sram[12'h52] = 12'o0000;
	sram[12'h53] = 12'o0000;
	sram[12'h54] = 12'o0000;
	sram[12'h55] = 12'o0000;
	sram[12'h56] = 12'o0000;
	sram[12'h57] = 12'o0000;
	sram[12'h58] = 12'o0000;
	sram[12'h59] = 12'o0000;
	sram[12'h5a] = 12'o0000;
	sram[12'h5b] = 12'o0000;
	sram[12'h5c] = 12'o0000;
	sram[12'h5d] = 12'o0000;
	sram[12'h5e] = 12'o0000;
	sram[12'h5f] = 12'o0000;
	sram[12'h60] = 12'o0000;
	sram[12'h61] = 12'o0000;
	sram[12'h62] = 12'o0000;
	sram[12'h63] = 12'o0000;
	sram[12'h64] = 12'o0000;
	sram[12'h65] = 12'o0000;
	sram[12'h66] = 12'o0000;
	sram[12'h67] = 12'o0000;
	sram[12'h68] = 12'o0000;
	sram[12'h69] = 12'o0000;
	sram[12'h6a] = 12'o0000;
	sram[12'h6b] = 12'o0000;
	sram[12'h6c] = 12'o0000;
	sram[12'h6d] = 12'o0000;
	sram[12'h6e] = 12'o0000;
	sram[12'h6f] = 12'o0000;
	sram[12'h70] = 12'o0000;
	sram[12'h71] = 12'o0000;
	sram[12'h72] = 12'o0000;
	sram[12'h73] = 12'o0000;
	sram[12'h74] = 12'o0000;
	sram[12'h75] = 12'o0000;
	sram[12'h76] = 12'o0000;
	sram[12'h77] = 12'o0000;
	sram[12'h78] = 12'o0000;
	sram[12'h79] = 12'o0000;
	sram[12'h7a] = 12'o0000;
	sram[12'h7b] = 12'o0000;
	sram[12'h7c] = 12'o0000;
	sram[12'h7d] = 12'o0000;
	sram[12'h7e] = 12'o0000;
	sram[12'h7f] = 12'o0000;
	sram[12'h80] = 12'o5002;
	sram[12'h81] = 12'o0000;
	sram[12'h82] = 12'o0000;
	sram[12'h83] = 12'o0000;
	sram[12'h84] = 12'o0000;
	sram[12'h85] = 12'o0000;
	sram[12'h86] = 12'o0000;
	sram[12'h87] = 12'o0000;
	sram[12'h88] = 12'o0000;
	sram[12'h89] = 12'o0000;
	sram[12'h8a] = 12'o0000;
	sram[12'h8b] = 12'o0000;
	sram[12'h8c] = 12'o0000;
	sram[12'h8d] = 12'o0000;
	sram[12'h8e] = 12'o0000;
	sram[12'h8f] = 12'o0000;
	sram[12'h90] = 12'o0000;
	sram[12'h91] = 12'o0000;
	sram[12'h92] = 12'o0000;
	sram[12'h93] = 12'o0000;
	sram[12'h94] = 12'o0000;
	sram[12'h95] = 12'o0000;
	sram[12'h96] = 12'o0000;
	sram[12'h97] = 12'o0000;
	sram[12'h98] = 12'o0000;
	sram[12'h99] = 12'o0000;
	sram[12'h9a] = 12'o0000;
	sram[12'h9b] = 12'o0000;
	sram[12'h9c] = 12'o0000;
	sram[12'h9d] = 12'o0000;
	sram[12'h9e] = 12'o0000;
	sram[12'h9f] = 12'o0000;
	sram[12'ha0] = 12'o0000;
	sram[12'ha1] = 12'o0000;
	sram[12'ha2] = 12'o0000;
	sram[12'ha3] = 12'o0000;
	sram[12'ha4] = 12'o0000;
	sram[12'ha5] = 12'o0000;
	sram[12'ha6] = 12'o0000;
	sram[12'ha7] = 12'o0000;
	sram[12'ha8] = 12'o0000;
	sram[12'ha9] = 12'o0000;
	sram[12'haa] = 12'o0000;
	sram[12'hab] = 12'o0000;
	sram[12'hac] = 12'o0000;
	sram[12'had] = 12'o0000;
	sram[12'hae] = 12'o0000;
	sram[12'haf] = 12'o0000;
	sram[12'hb0] = 12'o0000;
	sram[12'hb1] = 12'o0000;
	sram[12'hb2] = 12'o0000;
	sram[12'hb3] = 12'o0000;
	sram[12'hb4] = 12'o0000;
	sram[12'hb5] = 12'o0000;
	sram[12'hb6] = 12'o0000;
	sram[12'hb7] = 12'o0000;
	sram[12'hb8] = 12'o0000;
	sram[12'hb9] = 12'o0000;
	sram[12'hba] = 12'o0000;
	sram[12'hbb] = 12'o0000;
	sram[12'hbc] = 12'o0000;
	sram[12'hbd] = 12'o0000;
	sram[12'hbe] = 12'o0000;
	sram[12'hbf] = 12'o0000;
	sram[12'hc0] = 12'o0000;
	sram[12'hc1] = 12'o0000;
	sram[12'hc2] = 12'o0000;
	sram[12'hc3] = 12'o0000;
	sram[12'hc4] = 12'o0000;
	sram[12'hc5] = 12'o0000;
	sram[12'hc6] = 12'o0000;
	sram[12'hc7] = 12'o0000;
	sram[12'hc8] = 12'o0000;
	sram[12'hc9] = 12'o0000;
	sram[12'hca] = 12'o0000;
	sram[12'hcb] = 12'o0000;
	sram[12'hcc] = 12'o0000;
	sram[12'hcd] = 12'o0000;
	sram[12'hce] = 12'o0000;
	sram[12'hcf] = 12'o0000;
	sram[12'hd0] = 12'o0000;
	sram[12'hd1] = 12'o0000;
	sram[12'hd2] = 12'o0000;
	sram[12'hd3] = 12'o0000;
	sram[12'hd4] = 12'o0000;
	sram[12'hd5] = 12'o0000;
	sram[12'hd6] = 12'o0000;
	sram[12'hd7] = 12'o0000;
	sram[12'hd8] = 12'o0000;
	sram[12'hd9] = 12'o0000;
	sram[12'hda] = 12'o0000;
	sram[12'hdb] = 12'o0000;
	sram[12'hdc] = 12'o0000;
	sram[12'hdd] = 12'o0000;
	sram[12'hde] = 12'o0000;
	sram[12'hdf] = 12'o0000;
	sram[12'he0] = 12'o0000;
	sram[12'he1] = 12'o0000;
	sram[12'he2] = 12'o0000;
	sram[12'he3] = 12'o0000;
	sram[12'he4] = 12'o0000;
	sram[12'he5] = 12'o0000;
	sram[12'he6] = 12'o0000;
	sram[12'he7] = 12'o0000;
	sram[12'he8] = 12'o0000;
	sram[12'he9] = 12'o0000;
	sram[12'hea] = 12'o0000;
	sram[12'heb] = 12'o0000;
	sram[12'hec] = 12'o0000;
	sram[12'hed] = 12'o0000;
	sram[12'hee] = 12'o0000;
	sram[12'hef] = 12'o0000;
	sram[12'hf0] = 12'o0000;
	sram[12'hf1] = 12'o0000;
	sram[12'hf2] = 12'o0000;
	sram[12'hf3] = 12'o0000;
	sram[12'hf4] = 12'o0000;
	sram[12'hf5] = 12'o0000;
	sram[12'hf6] = 12'o0000;
	sram[12'hf7] = 12'o0000;
	sram[12'hf8] = 12'o0000;
	sram[12'hf9] = 12'o0000;
	sram[12'hfa] = 12'o0000;
	sram[12'hfb] = 12'o0000;
	sram[12'hfc] = 12'o0000;
	sram[12'hfd] = 12'o0000;
	sram[12'hfe] = 12'o0000;
	sram[12'hff] = 12'o0000;
	sram[12'h100] = 12'o7776;
	sram[12'h101] = 12'o0041;
	sram[12'h102] = 12'o0000;
	sram[12'h103] = 12'o7001;
	sram[12'h104] = 12'o6044;
	sram[12'h105] = 12'o5602;
	sram[12'h106] = 12'o7001;
	sram[12'h107] = 12'o6044;
	sram[12'h108] = 12'o7240;
	sram[12'h109] = 12'o6044;
	sram[12'h10a] = 12'o7344;
	sram[12'h10b] = 12'o6044;
	sram[12'h10c] = 12'o7346;
	sram[12'h10d] = 12'o6044;
	sram[12'h10e] = 12'o7201;
	sram[12'h10f] = 12'o6044;
	sram[12'h110] = 12'o7326;
	sram[12'h111] = 12'o6044;
	sram[12'h112] = 12'o7332;
	sram[12'h113] = 12'o6044;
	sram[12'h114] = 12'o7350;
	sram[12'h115] = 12'o6044;
	sram[12'h116] = 12'o7330;
	sram[12'h117] = 12'o6044;
	sram[12'h118] = 12'o7203;
	sram[12'h119] = 12'o6044;
	sram[12'h11a] = 12'o2200;
	sram[12'h11b] = 12'o7001;
	sram[12'h11c] = 12'o6044;
	sram[12'h11d] = 12'o2200;
	sram[12'h11e] = 12'o7001;
	sram[12'h11f] = 12'o6044;
	sram[12'h120] = 12'o2601;
	sram[12'h121] = 12'o7001;
	sram[12'h122] = 12'o6044;
	sram[12'h123] = 12'o2601;
	sram[12'h124] = 12'o7001;
	sram[12'h125] = 12'o6044;
	sram[12'h126] = 12'o7440;
	sram[12'h127] = 12'o7001;
	sram[12'h128] = 12'o6044;
	sram[12'h129] = 12'o7450;
	sram[12'h12a] = 12'o7001;
	sram[12'h12b] = 12'o6044;
	sram[12'h12c] = 12'o7500;
	sram[12'h12d] = 12'o7001;
	sram[12'h12e] = 12'o6044;
	sram[12'h12f] = 12'o7510;
	sram[12'h130] = 12'o7001;
	sram[12'h131] = 12'o6044;
	sram[12'h132] = 12'o7200;
	sram[12'h133] = 12'o7440;
	sram[12'h134] = 12'o7001;
	sram[12'h135] = 12'o6044;
	sram[12'h136] = 12'o7450;
	sram[12'h137] = 12'o7001;
	sram[12'h138] = 12'o6044;
	sram[12'h139] = 12'o7040;
	sram[12'h13a] = 12'o7500;
	sram[12'h13b] = 12'o7001;
	sram[12'h13c] = 12'o6044;
	sram[12'h13d] = 12'o7510;
	sram[12'h13e] = 12'o7001;
	sram[12'h13f] = 12'o6044;
	sram[12'h140] = 12'o7300;
	sram[12'h141] = 12'o7430;
	sram[12'h142] = 12'o7001;
	sram[12'h143] = 12'o6044;
	sram[12'h144] = 12'o7420;
	sram[12'h145] = 12'o7001;
	sram[12'h146] = 12'o6044;
	sram[12'h147] = 12'o7020;
	sram[12'h148] = 12'o7430;
	sram[12'h149] = 12'o7001;
	sram[12'h14a] = 12'o6044;
	sram[12'h14b] = 12'o7420;
	sram[12'h14c] = 12'o7001;
	sram[12'h14d] = 12'o6044;
	sram[12'h14e] = 12'o7200;
	sram[12'h14f] = 12'o1741;
	sram[12'h150] = 12'o6044;
	sram[12'h151] = 12'o7240;
	sram[12'h152] = 12'o0741;
	sram[12'h153] = 12'o6044;
	sram[12'h154] = 12'o7001;
	sram[12'h155] = 12'o3741;
	sram[12'h156] = 12'o1342;
	sram[12'h157] = 12'o6044;
	sram[12'h158] = 12'o7421;
	sram[12'h159] = 12'o6044;
	sram[12'h15a] = 12'o7521;
	sram[12'h15b] = 12'o6044;
	sram[12'h15c] = 12'o7521;
	sram[12'h15d] = 12'o7001;
	sram[12'h15e] = 12'o7501;
	sram[12'h15f] = 12'o6044;
	sram[12'h160] = 12'o7402;
	sram[12'h161] = 12'o0542;
	sram[12'h162] = 12'o0443;
